{"meta": {"format": 3, "version": "7.13.5", "timestamp": "2026-08-05T09:35:46.678932", "branch_coverage": false, "show_contexts": false}, "files": {"config/__init__.py": {"executed_lines": [], "summary": {"covered_lines": 0, "num_statements": 0, "percent_covered": 100.0, "percent_covered_display": "100", "missing_lines": 0, "excluded_lines": 0, "percent_statements_covered": 100.0, "percent_statements_covered_display": "100"}, "missing_lines": [], "excluded_lines": [], "functions": {"": {"executed_lines": [], "summary": {"covered_lines": 0, "num_statements": 0, "percent_covered": 100.0, "percent_covered_display": "100", "missing_lines": 0, "excluded_lines": 0, "percent_statements_covered": 100.0, "percent_statements_covered_display": "100"}, "missing_lines": [], "excluded_lines": [], "start_line": 1}}, "classes": {"": {"executed_lines": [], "summary": {"covered_lines": 0, "num_statements": 0, "percent_covered": 100.0, "percent_covered_display": "100", "missing_lines": 0, "excluded_lines": 0, "percent_statements_covered": 100.0, "percent_statements_covered_display": "100"}, "missing_lines": [], "excluded_lines": [], "start_line": 1}}}, "src/transcription/__init__.py": {"executed_lines": [10, 11, 12, 19, 25, 26, 28, 30], "summary": {"covered_lines": 8, "num_statements": 8, "percent_covered": 100.0, "percent_covered_display": "100", "missing_lines": 0, "excluded_lines": 0, "percent_statements_covered": 100.0, "percent_statements_covered_display": "100"}, "missing_lines": [], "excluded_lines": [], "functions": {"": {"executed_lines": [10, 11, 12, 19, 25, 26, 28, 30], "summary": {"covered_lines": 8, "num_statements": 8, "percent_covered": 100.0, "percent_covered_display": "100", "missing_lines": 0, "excluded_lines": 0, "percent_statements_covered": 100.0, "percent_statements_covered_display": "100"}, "missing_lines": [], "excluded_lines": [], "start_line": 1}}, "classes": {"": {"executed_lines": [10, 11, 12, 19, 25, 26, 28, 30], "summary": {"covered_lines": 8, "num_statements": 8, "percent_covered": 100.0, "percent_covered_display": "100", "missing_lines": 0, "excluded_lines": 0, "percent_statements_covered": 100.0, "percent_statements_covered_display": "100"}, "missing_lines": [], "excluded_lines": [], "start_line": 1}}}, "src/transcription/config.py": {"executed_lines": [9, 11, 12, 13, 14, 15, 19, 20, 24, 26, 29, 30, 33, 34, 37, 40, 42, 45, 51, 52, 56, 57, 60, 61, 62, 63, 66, 67, 70, 71, 72, 73, 76, 77, 80, 81, 82, 85, 88, 91, 92, 95, 97, 99, 101, 102, 106, 113, 115, 117, 118, 119, 120, 121, 122, 126, 127, 130, 131, 132, 135, 137, 139, 140, 143, 146, 148, 150, 151, 152, 153, 155, 157, 160, 161, 162, 163, 164, 165, 167, 168, 170, 172, 173, 174, 175, 179, 204], "summary": {"covered_lines": 88, "num_statements": 104, "percent_covered": 84.61538461538461, "percent_covered_display": "85", "missing_lines": 16, "excluded_lines": 0, "percent_statements_covered": 84.61538461538461, "percent_statements_covered_display": "85"}, "missing_lines": [22, 53, 103, 123, 158, 176, 177, 181, 184, 185, 190, 191, 192, 197, 198, 200], "excluded_lines": [], "functions": {"PathConfig.__post_init__": {"executed_lines": [45, 51, 52], "summary": {"covered_lines": 3, "num_statements": 4, "percent_covered": 75.0, "percent_covered_display": "75", "missing_lines": 1, "excluded_lines": 0, "percent_statements_covered": 75.0, "percent_statements_covered_display": "75"}, "missing_lines": [53], "excluded_lines": [], "start_line": 42}, "FFmpegConfig.__post_init__": {"executed_lines": [99, 101, 102, 106, 113], "summary": {"covered_lines": 5, "num_statements": 6, "percent_covered": 83.33333333333333, "percent_covered_display": "83", "missing_lines": 1, "excluded_lines": 0, "percent_statements_covered": 83.33333333333333, "percent_statements_covered_display": "83"}, "missing_lines": [103], "excluded_lines": [], "start_line": 97}, "FFmpegConfig.find_ffmpeg": {"executed_lines": [117, 118, 119, 120, 121, 122], "summary": {"covered_lines": 6, "num_statements": 7, "percent_covered": 85.71428571428571, "percent_covered_display": "86", "missing_lines": 1, "excluded_lines": 0, "percent_statements_covered": 85.71428571428571, "percent_statements_covered_display": "86"}, "missing_lines": [123], "excluded_lines": [], "start_line": 115}, "LoggingConfig.__post_init__": {"executed_lines": [139, 140], "summary": {"covered_lines": 2, "num_statements": 2, "percent_covered": 100.0, "percent_covered_display": "100", "missing_lines": 0, "excluded_lines": 0, "percent_statements_covered": 100.0, "percent_statements_covered_display": "100"}, "missing_lines": [], "excluded_lines": [], "start_line": 137}, "Config.__new__": {"executed_lines": [150, 151, 152, 153], "summary": {"covered_lines": 4, "num_statements": 4, "percent_covered": 100.0, "percent_covered_display": "100", "missing_lines": 0, "excluded_lines": 0, "percent_statements_covered": 100.0, "percent_statements_covered_display": "100"}, "missing_lines": [], "excluded_lines": [], "start_line": 148}, "Config.__init__": {"executed_lines": [157, 160, 161, 162, 163, 164, 165, 167, 168], "summary": {"covered_lines": 9, "num_statements": 10, "percent_covered": 90.0, "percent_covered_display": "90", "missing_lines": 1, "excluded_lines": 0, "percent_statements_covered": 90.0, "percent_statements_covered_display": "90"}, "missing_lines": [158], "excluded_lines": [], "start_line": 155}, "Config._setup_ffmpeg_path": {"executed_lines": [172, 173, 174, 175], "summary": {"covered_lines": 4, "num_statements": 6, "percent_covered": 66.66666666666667, "percent_covered_display": "67", "missing_lines": 2, "excluded_lines": 0, "percent_statements_covered": 66.66666666666667, "percent_statements_covered_display": "67"}, "missing_lines": [176, 177], "excluded_lines": [], "start_line": 170}, "Config.validate": {"executed_lines": [], "summary": {"covered_lines": 0, "num_statements": 9, "percent_covered": 0.0, "percent_covered_display": "0", "missing_lines": 9, "excluded_lines": 0, "percent_statements_covered": 0.0, "percent_statements_covered_display": "0"}, "missing_lines": [181, 184, 185, 190, 191, 192, 197, 198, 200], "excluded_lines": [], "start_line": 179}, "": {"executed_lines": [9, 11, 12, 13, 14, 15, 19, 20, 24, 26, 29, 30, 33, 34, 37, 40, 42, 56, 57, 60, 61, 62, 63, 66, 67, 70, 71, 72, 73, 76, 77, 80, 81, 82, 85, 88, 91, 92, 95, 97, 115, 126, 127, 130, 131, 132, 135, 137, 143, 146, 148, 155, 170, 179, 204], "summary": {"covered_lines": 55, "num_statements": 56, "percent_covered": 98.21428571428571, "percent_covered_display": "98", "missing_lines": 1, "excluded_lines": 0, "percent_statements_covered": 98.21428571428571, "percent_statements_covered_display": "98"}, "missing_lines": [22], "excluded_lines": [], "start_line": 1}}, "classes": {"PathConfig": {"executed_lines": [45, 51, 52], "summary": {"covered_lines": 3, "num_statements": 4, "percent_covered": 75.0, "percent_covered_display": "75", "missing_lines": 1, "excluded_lines": 0, "percent_statements_covered": 75.0, "percent_statements_covered_display": "75"}, "missing_lines": [53], "excluded_lines": [], "start_line": 30}, "ModelConfig": {"executed_lines": [], "summary": {"covered_lines": 0, "num_statements": 0, "percent_covered": 100.0, "percent_covered_display": "100", "missing_lines": 0, "excluded_lines": 0, "percent_statements_covered": 100.0, "percent_statements_covered_display": "100"}, "missing_lines": [], "excluded_lines": [], "start_line": 57}, "ProcessingConfig": {"executed_lines": [], "summary": {"covered_lines": 0, "num_statements": 0, "percent_covered": 100.0, "percent_covered_display": "100", "missing_lines": 0, "excluded_lines": 0, "percent_statements_covered": 100.0, "percent_statements_covered_display": "100"}, "missing_lines": [], "excluded_lines": [], "start_line": 67}, "QualityConfig": {"executed_lines": [], "summary": {"covered_lines": 0, "num_statements": 0, "percent_covered": 100.0, "percent_covered_display": "100", "missing_lines": 0, "excluded_lines": 0, "percent_statements_covered": 100.0, "percent_statements_covered_display": "100"}, "missing_lines": [], "excluded_lines": [], "start_line": 77}, "FFmpegConfig": {"executed_lines": [99, 101, 102, 106, 113, 117, 118, 119, 120, 121, 122], "summary": {"covered_lines": 11, "num_statements": 13, "percent_covered": 84.61538461538461, "percent_covered_display": "85", "missing_lines": 2, "excluded_lines": 0, "percent_statements_covered": 84.61538461538461, "percent_statements_covered_display": "85"}, "missing_lines": [103, 123], "excluded_lines": [], "start_line": 92}, "LoggingConfig": {"executed_lines": [139, 140], "summary": {"covered_lines": 2, "num_statements": 2, "percent_covered": 100.0, "percent_covered_display": "100", "missing_lines": 0, "excluded_lines": 0, "percent_statements_covered": 100.0, "percent_statements_covered_display": "100"}, "missing_lines": [], "excluded_lines": [], "start_line": 127}, "Config": {"executed_lines": [150, 151, 152, 153, 157, 160, 161, 162, 163, 164, 165, 167, 168, 172, 173, 174, 175], "summary": {"covered_lines": 17, "num_statements": 29, "percent_covered": 58.62068965517241, "percent_covered_display": "59", "missing_lines": 12, "excluded_lines": 0, "percent_statements_covered": 58.62068965517241, "percent_statements_covered_display": "59"}, "missing_lines": [158, 176, 177, 181, 184, 185, 190, 191, 192, 197, 198, 200], "excluded_lines": [], "start_line": 143}, "": {"executed_lines": [9, 11, 12, 13, 14, 15, 19, 20, 24, 26, 29, 30, 33, 34, 37, 40, 42, 56, 57, 60, 61, 62, 63, 66, 67, 70, 71, 72, 73, 76, 77, 80, 81, 82, 85, 88, 91, 92, 95, 97, 115, 126, 127, 130, 131, 132, 135, 137, 143, 146, 148, 155, 170, 179, 204], "summary": {"covered_lines": 55, "num_statements": 56, "percent_covered": 98.21428571428571, "percent_covered_display": "98", "missing_lines": 1, "excluded_lines": 0, "percent_statements_covered": 98.21428571428571, "percent_statements_covered_display": "98"}, "missing_lines": [22], "excluded_lines": [], "start_line": 1}}}, "src/transcription/core/__init__.py": {"executed_lines": [], "summary": {"covered_lines": 0, "num_statements": 0, "percent_covered": 100.0, "percent_covered_display": "100", "missing_lines": 0, "excluded_lines": 0, "percent_statements_covered": 100.0, "percent_statements_covered_display": "100"}, "missing_lines": [], "excluded_lines": [], "functions": {"": {"executed_lines": [], "summary": {"covered_lines": 0, "num_statements": 0, "percent_covered": 100.0, "percent_covered_display": "100", "missing_lines": 0, "excluded_lines": 0, "percent_statements_covered": 100.0, "percent_statements_covered_display": "100"}, "missing_lines": [], "excluded_lines": [], "start_line": 1}}, "classes": {"": {"executed_lines": [], "summary": {"covered_lines": 0, "num_statements": 0, "percent_covered": 100.0, "percent_covered_display": "100", "missing_lines": 0, "excluded_lines": 0, "percent_statements_covered": 100.0, "percent_statements_covered_display": "100"}, "missing_lines": [], "excluded_lines": [], "start_line": 1}}}, "src/transcription/core/engine.py": {"executed_lines": [10, 12, 13, 15, 16, 17, 18, 20, 23, 26, 29, 64, 67, 68, 71, 141], "summary": {"covered_lines": 16, "num_statements": 81, "percent_covered": 19.753086419753085, "percent_covered_display": "20", "missing_lines": 65, "excluded_lines": 0, "percent_statements_covered": 19.753086419753085, "percent_statements_covered_display": "20"}, "missing_lines": [21, 44, 45, 47, 48, 49, 50, 54, 55, 56, 57, 58, 59, 60, 61, 88, 89, 91, 102, 103, 106, 114, 115, 116, 117, 119, 120, 121, 122, 125, 126, 127, 128, 129, 131, 133, 134, 135, 136, 138, 156, 157, 159, 170, 171, 173, 181, 182, 183, 184, 187, 188, 189, 190, 191, 199, 200, 201, 202, 203, 205, 206, 207, 208, 210], "excluded_lines": [], "functions": {"get_model": {"executed_lines": [], "summary": {"covered_lines": 0, "num_statements": 14, "percent_covered": 0.0, "percent_covered_display": "0", "missing_lines": 14, "excluded_lines": 0, "percent_statements_covered": 0.0, "percent_statements_covered_display": "0"}, "missing_lines": [44, 45, 47, 48, 49, 50, 54, 55, 56, 57, 58, 59, 60, 61], "excluded_lines": [], "start_line": 29}, "clear_model_cache": {"executed_lines": [67, 68], "summary": {"covered_lines": 2, "num_statements": 2, "percent_covered": 100.0, "percent_covered_display": "100", "missing_lines": 0, "excluded_lines": 0, "percent_statements_covered": 100.0, "percent_statements_covered_display": "100"}, "missing_lines": [], "excluded_lines": [], "start_line": 64}, "transcribe_file": {"executed_lines": [], "summary": {"covered_lines": 0, "num_statements": 25, "percent_covered": 0.0, "percent_covered_display": "0", "missing_lines": 25, "excluded_lines": 0, "percent_statements_covered": 0.0, "percent_statements_covered_display": "0"}, "missing_lines": [88, 89, 91, 102, 103, 106, 114, 115, 116, 117, 119, 120, 121, 122, 125, 126, 127, 128, 129, 131, 133, 134, 135, 136, 138], "excluded_lines": [], "start_line": 71}, "transcribe_with_segments": {"executed_lines": [], "summary": {"covered_lines": 0, "num_statements": 25, "percent_covered": 0.0, "percent_covered_display": "0", "missing_lines": 25, "excluded_lines": 0, "percent_statements_covered": 0.0, "percent_statements_covered_display": "0"}, "missing_lines": [156, 157, 159, 170, 171, 173, 181, 182, 183, 184, 187, 188, 189, 190, 191, 199, 200, 201, 202, 203, 205, 206, 207, 208, 210], "excluded_lines": [], "start_line": 141}, "": {"executed_lines": [10, 12, 13, 15, 16, 17, 18, 20, 23, 26, 29, 64, 71, 141], "summary": {"covered_lines": 14, "num_statements": 15, "percent_covered": 93.33333333333333, "percent_covered_display": "93", "missing_lines": 1, "excluded_lines": 0, "percent_statements_covered": 93.33333333333333, "percent_statements_covered_display": "93"}, "missing_lines": [21], "excluded_lines": [], "start_line": 1}}, "classes": {"": {"executed_lines": [10, 12, 13, 15, 16, 17, 18, 20, 23, 26, 29, 64, 67, 68, 71, 141], "summary": {"covered_lines": 16, "num_statements": 81, "percent_covered": 19.753086419753085, "percent_covered_display": "20", "missing_lines": 65, "excluded_lines": 0, "percent_statements_covered": 19.753086419753085, "percent_statements_covered_display": "20"}, "missing_lines": [21, 44, 45, 47, 48, 49, 50, 54, 55, 56, 57, 58, 59, 60, 61, 88, 89, 91, 102, 103, 106, 114, 115, 116, 117, 119, 120, 121, 122, 125, 126, 127, 128, 129, 131, 133, 134, 135, 136, 138, 156, 157, 159, 170, 171, 173, 181, 182, 183, 184, 187, 188, 189, 190, 191, 199, 200, 201, 202, 203, 205, 206, 207, 208, 210], "excluded_lines": [], "start_line": 1}}}, "src/transcription/utils/__init__.py": {"executed_lines": [], "summary": {"covered_lines": 0, "num_statements": 0, "percent_covered": 100.0, "percent_covered_display": "100", "missing_lines": 0, "excluded_lines": 0, "percent_statements_covered": 100.0, "percent_statements_covered_display": "100"}, "missing_lines": [], "excluded_lines": [], "functions": {"": {"executed_lines": [], "summary": {"covered_lines": 0, "num_statements": 0, "percent_covered": 100.0, "percent_covered_display": "100", "missing_lines": 0, "excluded_lines": 0, "percent_statements_covered": 100.0, "percent_statements_covered_display": "100"}, "missing_lines": [], "excluded_lines": [], "start_line": 1}}, "classes": {"": {"executed_lines": [], "summary": {"covered_lines": 0, "num_statements": 0, "percent_covered": 100.0, "percent_covered_display": "100", "missing_lines": 0, "excluded_lines": 0, "percent_statements_covered": 100.0, "percent_statements_covered_display": "100"}, "missing_lines": [], "excluded_lines": [], "start_line": 1}}}, "src/transcription/utils/io.py": {"executed_lines": [10, 12, 13, 14, 15, 16, 18, 19, 21, 24, 35, 37, 40, 41, 42, 45, 46, 53, 63, 64, 66, 67, 68, 69, 70, 71, 74, 91, 117, 186, 208], "summary": {"covered_lines": 31, "num_statements": 86, "percent_covered": 36.04651162790697, "percent_covered_display": "36", "missing_lines": 55, "excluded_lines": 0, "percent_statements_covered": 36.04651162790697, "percent_statements_covered_display": "36"}, "missing_lines": [48, 49, 50, 83, 84, 86, 87, 88, 103, 104, 107, 108, 109, 112, 114, 128, 130, 131, 132, 133, 136, 139, 150, 151, 152, 154, 155, 156, 158, 159, 160, 161, 162, 163, 164, 165, 166, 168, 169, 171, 172, 175, 176, 177, 179, 181, 182, 183, 196, 197, 200, 203, 205, 217, 218], "excluded_lines": [], "functions": {"save_json": {"executed_lines": [35, 37, 40, 41, 42, 45, 46], "summary": {"covered_lines": 7, "num_statements": 10, "percent_covered": 70.0, "percent_covered_display": "70", "missing_lines": 3, "excluded_lines": 0, "percent_statements_covered": 70.0, "percent_statements_covered_display": "70"}, "missing_lines": [48, 49, 50], "excluded_lines": [], "start_line": 24}, "load_json": {"executed_lines": [63, 64, 66, 67, 68, 69, 70, 71], "summary": {"covered_lines": 8, "num_statements": 8, "percent_covered": 100.0, "percent_covered_display": "100", "missing_lines": 0, "excluded_lines": 0, "percent_statements_covered": 100.0, "percent_statements_covered_display": "100"}, "missing_lines": [], "excluded_lines": [], "start_line": 53}, "load_transcripts": {"executed_lines": [], "summary": {"covered_lines": 0, "num_statements": 5, "percent_covered": 0.0, "percent_covered_display": "0", "missing_lines": 5, "excluded_lines": 0, "percent_statements_covered": 0.0, "percent_statements_covered_display": "0"}, "missing_lines": [83, 84, 86, 87, 88], "excluded_lines": [], "start_line": 74}, "save_transcripts": {"executed_lines": [], "summary": {"covered_lines": 0, "num_statements": 7, "percent_covered": 0.0, "percent_covered_display": "0", "missing_lines": 7, "excluded_lines": 0, "percent_statements_covered": 0.0, "percent_statements_covered_display": "0"}, "missing_lines": [103, 104, 107, 108, 109, 112, 114], "excluded_lines": [], "start_line": 91}, "generate_markdown": {"executed_lines": [], "summary": {"covered_lines": 0, "num_statements": 33, "percent_covered": 0.0, "percent_covered_display": "0", "missing_lines": 33, "excluded_lines": 0, "percent_statements_covered": 0.0, "percent_statements_covered_display": "0"}, "missing_lines": [128, 130, 131, 132, 133, 136, 139, 150, 151, 152, 154, 155, 156, 158, 159, 160, 161, 162, 163, 164, 165, 166, 168, 169, 171, 172, 175, 176, 177, 179, 181, 182, 183], "excluded_lines": [], "start_line": 117}, "save_progress_atomic": {"executed_lines": [], "summary": {"covered_lines": 0, "num_statements": 5, "percent_covered": 0.0, "percent_covered_display": "0", "missing_lines": 5, "excluded_lines": 0, "percent_statements_covered": 0.0, "percent_statements_covered_display": "0"}, "missing_lines": [196, 197, 200, 203, 205], "excluded_lines": [], "start_line": 186}, "get_already_transcribed": {"executed_lines": [], "summary": {"covered_lines": 0, "num_statements": 2, "percent_covered": 0.0, "percent_covered_display": "0", "missing_lines": 2, "excluded_lines": 0, "percent_statements_covered": 0.0, "percent_statements_covered_display": "0"}, "missing_lines": [217, 218], "excluded_lines": [], "start_line": 208}, "": {"executed_lines": [10, 12, 13, 14, 15, 16, 18, 19, 21, 24, 53, 74, 91, 117, 186, 208], "summary": {"covered_lines": 16, "num_statements": 16, "percent_covered": 100.0, "percent_covered_display": "100", "missing_lines": 0, "excluded_lines": 0, "percent_statements_covered": 100.0, "percent_statements_covered_display": "100"}, "missing_lines": [], "excluded_lines": [], "start_line": 1}}, "classes": {"": {"executed_lines": [10, 12, 13, 14, 15, 16, 18, 19, 21, 24, 35, 37, 40, 41, 42, 45, 46, 53, 63, 64, 66, 67, 68, 69, 70, 71, 74, 91, 117, 186, 208], "summary": {"covered_lines": 31, "num_statements": 86, "percent_covered": 36.04651162790697, "percent_covered_display": "36", "missing_lines": 55, "excluded_lines": 0, "percent_statements_covered": 36.04651162790697, "percent_statements_covered_display": "36"}, "missing_lines": [48, 49, 50, 83, 84, 86, 87, 88, 103, 104, 107, 108, 109, 112, 114, 128, 130, 131, 132, 133, 136, 139, 150, 151, 152, 154, 155, 156, 158, 159, 160, 161, 162, 163, 164, 165, 166, 168, 169, 171, 172, 175, 176, 177, 179, 181, 182, 183, 196, 197, 200, 203, 205, 217, 218], "excluded_lines": [], "start_line": 1}}}, "src/transcription/utils/logging_utils.py": {"executed_lines": [10, 12, 13, 14, 15, 17, 20, 75, 84, 87, 90, 101, 108], "summary": {"covered_lines": 13, "num_statements": 47, "percent_covered": 27.659574468085108, "percent_covered_display": "28", "missing_lines": 34, "excluded_lines": 0, "percent_statements_covered": 27.659574468085108, "percent_statements_covered_display": "28"}, "missing_lines": [37, 40, 41, 44, 47, 50, 51, 52, 53, 54, 57, 58, 59, 60, 61, 62, 63, 64, 66, 67, 68, 69, 70, 72, 97, 98, 99, 103, 104, 105, 106, 110, 111, 112], "excluded_lines": [], "functions": {"setup_logging": {"executed_lines": [], "summary": {"covered_lines": 0, "num_statements": 24, "percent_covered": 0.0, "percent_covered_display": "0", "missing_lines": 24, "excluded_lines": 0, "percent_statements_covered": 0.0, "percent_statements_covered_display": "0"}, "missing_lines": [37, 40, 41, 44, 47, 50, 51, 52, 53, 54, 57, 58, 59, 60, 61, 62, 63, 64, 66, 67, 68, 69, 70, 72], "excluded_lines": [], "start_line": 20}, "get_logger": {"executed_lines": [84], "summary": {"covered_lines": 1, "num_statements": 1, "percent_covered": 100.0, "percent_covered_display": "100", "missing_lines": 0, "excluded_lines": 0, "percent_statements_covered": 100.0, "percent_statements_covered_display": "100"}, "missing_lines": [], "excluded_lines": [], "start_line": 75}, "LogContext.__init__": {"executed_lines": [], "summary": {"covered_lines": 0, "num_statements": 3, "percent_covered": 0.0, "percent_covered_display": "0", "missing_lines": 3, "excluded_lines": 0, "percent_statements_covered": 0.0, "percent_statements_covered_display": "0"}, "missing_lines": [97, 98, 99], "excluded_lines": [], "start_line": 90}, "LogContext.__enter__": {"executed_lines": [], "summary": {"covered_lines": 0, "num_statements": 4, "percent_covered": 0.0, "percent_covered_display": "0", "missing_lines": 4, "excluded_lines": 0, "percent_statements_covered": 0.0, "percent_statements_covered_display": "0"}, "missing_lines": [103, 104, 105, 106], "excluded_lines": [], "start_line": 101}, "LogContext.__exit__": {"executed_lines": [], "summary": {"covered_lines": 0, "num_statements": 3, "percent_covered": 0.0, "percent_covered_display": "0", "missing_lines": 3, "excluded_lines": 0, "percent_statements_covered": 0.0, "percent_statements_covered_display": "0"}, "missing_lines": [110, 111, 112], "excluded_lines": [], "start_line": 108}, "": {"executed_lines": [10, 12, 13, 14, 15, 17, 20, 75, 87, 90, 101, 108], "summary": {"covered_lines": 12, "num_statements": 12, "percent_covered": 100.0, "percent_covered_display": "100", "missing_lines": 0, "excluded_lines": 0, "percent_statements_covered": 100.0, "percent_statements_covered_display": "100"}, "missing_lines": [], "excluded_lines": [], "start_line": 1}}, "classes": {"LogContext": {"executed_lines": [], "summary": {"covered_lines": 0, "num_statements": 10, "percent_covered": 0.0, "percent_covered_display": "0", "missing_lines": 10, "excluded_lines": 0, "percent_statements_covered": 0.0, "percent_statements_covered_display": "0"}, "missing_lines": [97, 98, 99, 103, 104, 105, 106, 110, 111, 112], "excluded_lines": [], "start_line": 87}, "": {"executed_lines": [10, 12, 13, 14, 15, 17, 20, 75, 84, 87, 90, 101, 108], "summary": {"covered_lines": 13, "num_statements": 37, "percent_covered": 35.13513513513514, "percent_covered_display": "35", "missing_lines": 24, "excluded_lines": 0, "percent_statements_covered": 35.13513513513514, "percent_statements_covered_display": "35"}, "missing_lines": [37, 40, 41, 44, 47, 50, 51, 52, 53, 54, 57, 58, 59, 60, 61, 62, 63, 64, 66, 67, 68, 69, 70, 72], "excluded_lines": [], "start_line": 1}}}, "src/transcription/utils/path_utils.py": {"executed_lines": [6, 8, 9, 10, 11, 14, 15, 18, 19, 20, 21, 24, 57, 91, 113, 136, 149], "summary": {"covered_lines": 17, "num_statements": 64, "percent_covered": 26.5625, "percent_covered_display": "27", "missing_lines": 47, "excluded_lines": 0, "percent_statements_covered": 26.5625, "percent_statements_covered_display": "27"}, "missing_lines": [38, 40, 41, 42, 43, 44, 45, 46, 49, 50, 51, 52, 54, 67, 68, 69, 70, 71, 72, 73, 74, 75, 78, 79, 80, 81, 83, 101, 102, 104, 106, 107, 108, 110, 123, 124, 126, 127, 129, 130, 131, 133, 145, 146, 159, 161, 162], "excluded_lines": [], "functions": {"parse_date_from_filename": {"executed_lines": [], "summary": {"covered_lines": 0, "num_statements": 13, "percent_covered": 0.0, "percent_covered_display": "0", "missing_lines": 13, "excluded_lines": 0, "percent_statements_covered": 0.0, "percent_statements_covered_display": "0"}, "missing_lines": [38, 40, 41, 42, 43, 44, 45, 46, 49, 50, 51, 52, 54], "excluded_lines": [], "start_line": 24}, "parse_filename": {"executed_lines": [], "summary": {"covered_lines": 0, "num_statements": 14, "percent_covered": 0.0, "percent_covered_display": "0", "missing_lines": 14, "excluded_lines": 0, "percent_statements_covered": 0.0, "percent_statements_covered_display": "0"}, "missing_lines": [67, 68, 69, 70, 71, 72, 73, 74, 75, 78, 79, 80, 81, 83], "excluded_lines": [], "start_line": 57}, "find_chat_directory": {"executed_lines": [], "summary": {"covered_lines": 0, "num_statements": 7, "percent_covered": 0.0, "percent_covered_display": "0", "missing_lines": 7, "excluded_lines": 0, "percent_statements_covered": 0.0, "percent_statements_covered_display": "0"}, "missing_lines": [101, 102, 104, 106, 107, 108, 110], "excluded_lines": [], "start_line": 91}, "get_audio_files": {"executed_lines": [], "summary": {"covered_lines": 0, "num_statements": 8, "percent_covered": 0.0, "percent_covered_display": "0", "missing_lines": 8, "excluded_lines": 0, "percent_statements_covered": 0.0, "percent_statements_covered_display": "0"}, "missing_lines": [123, 124, 126, 127, 129, 130, 131, 133], "excluded_lines": [], "start_line": 113}, "ensure_directory": {"executed_lines": [], "summary": {"covered_lines": 0, "num_statements": 2, "percent_covered": 0.0, "percent_covered_display": "0", "missing_lines": 2, "excluded_lines": 0, "percent_statements_covered": 0.0, "percent_statements_covered_display": "0"}, "missing_lines": [145, 146], "excluded_lines": [], "start_line": 136}, "safe_filename": {"executed_lines": [], "summary": {"covered_lines": 0, "num_statements": 3, "percent_covered": 0.0, "percent_covered_display": "0", "missing_lines": 3, "excluded_lines": 0, "percent_statements_covered": 0.0, "percent_statements_covered_display": "0"}, "missing_lines": [159, 161, 162], "excluded_lines": [], "start_line": 149}, "": {"executed_lines": [6, 8, 9, 10, 11, 14, 15, 18, 19, 20, 21, 24, 57, 91, 113, 136, 149], "summary": {"covered_lines": 17, "num_statements": 17, "percent_covered": 100.0, "percent_covered_display": "100", "missing_lines": 0, "excluded_lines": 0, "percent_statements_covered": 100.0, "percent_statements_covered_display": "100"}, "missing_lines": [], "excluded_lines": [], "start_line": 1}}, "classes": {"ParsedFilename": {"executed_lines": [], "summary": {"covered_lines": 0, "num_statements": 0, "percent_covered": 100.0, "percent_covered_display": "100", "missing_lines": 0, "excluded_lines": 0, "percent_statements_covered": 100.0, "percent_statements_covered_display": "100"}, "missing_lines": [], "excluded_lines": [], "start_line": 15}, "": {"executed_lines": [6, 8, 9, 10, 11, 14, 15, 18, 19, 20, 21, 24, 57, 91, 113, 136, 149], "summary": {"covered_lines": 17, "num_statements": 64, "percent_covered": 26.5625, "percent_covered_display": "27", "missing_lines": 47, "excluded_lines": 0, "percent_statements_covered": 26.5625, "percent_statements_covered_display": "27"}, "missing_lines": [38, 40, 41, 42, 43, 44, 45, 46, 49, 50, 51, 52, 54, 67, 68, 69, 70, 71, 72, 73, 74, 75, 78, 79, 80, 81, 83, 101, 102, 104, 106, 107, 108, 110, 123, 124, 126, 127, 129, 130, 131, 133, 145, 146, 159, 161, 162], "excluded_lines": [], "start_line": 1}}}, "src/transcription/utils/quality.py": {"executed_lines": [10, 12, 13, 14, 16, 19, 20, 23, 24, 25, 27, 29, 30, 31, 32, 35, 44, 46, 47, 48, 50, 51, 52, 53, 55, 56, 59, 66, 67, 74, 78, 79, 82, 86, 92, 99, 100, 104, 105, 113, 116, 126, 129, 130, 131, 151, 160, 161, 163, 164, 165, 166, 169, 171], "summary": {"covered_lines": 54, "num_statements": 76, "percent_covered": 71.05263157894737, "percent_covered_display": "71", "missing_lines": 22, "excluded_lines": 0, "percent_statements_covered": 71.05263157894737, "percent_statements_covered_display": "71"}, "missing_lines": [60, 63, 68, 75, 83, 93, 101, 106, 107, 108, 127, 133, 134, 135, 136, 140, 141, 144, 145, 146, 148, 167], "excluded_lines": [], "functions": {"QualityResult.add_problem": {"executed_lines": [29, 30, 31, 32], "summary": {"covered_lines": 4, "num_statements": 4, "percent_covered": 100.0, "percent_covered_display": "100", "missing_lines": 0, "excluded_lines": 0, "percent_statements_covered": 100.0, "percent_statements_covered_display": "100"}, "missing_lines": [], "excluded_lines": [], "start_line": 27}, "check_quality": {"executed_lines": [44, 46, 47, 48, 50, 51, 52, 53, 55, 56, 59, 66, 67, 74, 78, 79, 82, 86, 92, 99, 100, 104, 105, 113], "summary": {"covered_lines": 24, "num_statements": 34, "percent_covered": 70.58823529411765, "percent_covered_display": "71", "missing_lines": 10, "excluded_lines": 0, "percent_statements_covered": 70.58823529411765, "percent_statements_covered_display": "71"}, "missing_lines": [60, 63, 68, 75, 83, 93, 101, 106, 107, 108], "excluded_lines": [], "start_line": 35}, "is_quality_transcript": {"executed_lines": [126, 129, 130, 131], "summary": {"covered_lines": 4, "num_statements": 15, "percent_covered": 26.666666666666668, "percent_covered_display": "27", "missing_lines": 11, "excluded_lines": 0, "percent_statements_covered": 26.666666666666668, "percent_statements_covered_display": "27"}, "missing_lines": [127, 133, 134, 135, 136, 140, 141, 144, 145, 146, 148], "excluded_lines": [], "start_line": 116}, "format_quality_report": {"executed_lines": [160, 161, 163, 164, 165, 166, 169, 171], "summary": {"covered_lines": 8, "num_statements": 9, "percent_covered": 88.88888888888889, "percent_covered_display": "89", "missing_lines": 1, "excluded_lines": 0, "percent_statements_covered": 88.88888888888889, "percent_statements_covered_display": "89"}, "missing_lines": [167], "excluded_lines": [], "start_line": 151}, "": {"executed_lines": [10, 12, 13, 14, 16, 19, 20, 23, 24, 25, 27, 35, 116, 151], "summary": {"covered_lines": 14, "num_statements": 14, "percent_covered": 100.0, "percent_covered_display": "100", "missing_lines": 0, "excluded_lines": 0, "percent_statements_covered": 100.0, "percent_statements_covered_display": "100"}, "missing_lines": [], "excluded_lines": [], "start_line": 1}}, "classes": {"QualityResult": {"executed_lines": [29, 30, 31, 32], "summary": {"covered_lines": 4, "num_statements": 4, "percent_covered": 100.0, "percent_covered_display": "100", "missing_lines": 0, "excluded_lines": 0, "percent_statements_covered": 100.0, "percent_statements_covered_display": "100"}, "missing_lines": [], "excluded_lines": [], "start_line": 20}, "": {"executed_lines": [10, 12, 13, 14, 16, 19, 20, 23, 24, 25, 27, 35, 44, 46, 47, 48, 50, 51, 52, 53, 55, 56, 59, 66, 67, 74, 78, 79, 82, 86, 92, 99, 100, 104, 105, 113, 116, 126, 129, 130, 131, 151, 160, 161, 163, 164, 165, 166, 169, 171], "summary": {"covered_lines": 50, "num_statements": 72, "percent_covered": 69.44444444444444, "percent_covered_display": "69", "missing_lines": 22, "excluded_lines": 0, "percent_statements_covered": 69.44444444444444, "percent_statements_covered_display": "69"}, "missing_lines": [60, 63, 68, 75, 83, 93, 101, 106, 107, 108, 127, 133, 134, 135, 136, 140, 141, 144, 145, 146, 148, 167], "excluded_lines": [], "start_line": 1}}}}, "totals": {"covered_lines": 227, "num_statements": 466, "percent_covered": 48.712446351931334, "percent_covered_display": "49", "missing_lines": 239, "excluded_lines": 0, "percent_statements_covered": 48.712446351931334, "percent_statements_covered_display": "49"}}