{"meta": {"format": 3, "version": "7.13.5", "timestamp": "2026-07-30T23:44:26.019588", "branch_coverage": false, "show_contexts": false}, "files": {"config/__init__.py": {"executed_lines": [], "summary": {"covered_lines": 0, "num_statements": 0, "percent_covered": 100.0, "percent_covered_display": "100", "missing_lines": 0, "excluded_lines": 0, "percent_statements_covered": 100.0, "percent_statements_covered_display": "100"}, "missing_lines": [], "excluded_lines": [], "functions": {"": {"executed_lines": [], "summary": {"covered_lines": 0, "num_statements": 0, "percent_covered": 100.0, "percent_covered_display": "100", "missing_lines": 0, "excluded_lines": 0, "percent_statements_covered": 100.0, "percent_statements_covered_display": "100"}, "missing_lines": [], "excluded_lines": [], "start_line": 1}}, "classes": {"": {"executed_lines": [], "summary": {"covered_lines": 0, "num_statements": 0, "percent_covered": 100.0, "percent_covered_display": "100", "missing_lines": 0, "excluded_lines": 0, "percent_statements_covered": 100.0, "percent_statements_covered_display": "100"}, "missing_lines": [], "excluded_lines": [], "start_line": 1}}}, "src/transcription/__init__.py": {"executed_lines": [10, 11, 12, 19, 25, 26, 28, 30], "summary": {"covered_lines": 8, "num_statements": 8, "percent_covered": 100.0, "percent_covered_display": "100", "missing_lines": 0, "excluded_lines": 0, "percent_statements_covered": 100.0, "percent_statements_covered_display": "100"}, "missing_lines": [], "excluded_lines": [], "functions": {"": {"executed_lines": [10, 11, 12, 19, 25, 26, 28, 30], "summary": {"covered_lines": 8, "num_statements": 8, "percent_covered": 100.0, "percent_covered_display": "100", "missing_lines": 0, "excluded_lines": 0, "percent_statements_covered": 100.0, "percent_statements_covered_display": "100"}, "missing_lines": [], "excluded_lines": [], "start_line": 1}}, "classes": {"": {"executed_lines": [10, 11, 12, 19, 25, 26, 28, 30], "summary": {"covered_lines": 8, "num_statements": 8, "percent_covered": 100.0, "percent_covered_display": "100", "missing_lines": 0, "excluded_lines": 0, "percent_statements_covered": 100.0, "percent_statements_covered_display": "100"}, "missing_lines": [], "excluded_lines": [], "start_line": 1}}}, "src/transcription/config.py": {"executed_lines": [9, 11, 12, 13, 14, 15, 19, 20, 24, 26, 29, 30, 33, 34, 39, 44, 48, 51, 57, 58, 62, 63, 66, 69, 72, 75, 80, 81, 84, 85, 88, 89, 94, 95, 98, 99, 102, 105, 108, 113, 114, 117, 119, 121, 123, 124, 128, 135, 137, 139, 140, 141, 142, 143, 144, 148, 149, 152, 153, 156, 159, 163, 165, 166, 169, 172, 174, 176, 177, 178, 179, 181, 183, 186, 187, 188, 189, 190, 191, 193, 194, 196, 198, 199, 200, 201, 205, 230], "summary": {"covered_lines": 88, "num_statements": 104, "percent_covered": 84.61538461538461, "percent_covered_display": "85", "missing_lines": 16, "excluded_lines": 0, "percent_statements_covered": 84.61538461538461, "percent_statements_covered_display": "85"}, "missing_lines": [22, 59, 125, 145, 184, 202, 203, 207, 210, 211, 216, 217, 218, 223, 224, 226], "excluded_lines": [], "functions": {"PathConfig.__post_init__": {"executed_lines": [51, 57, 58], "summary": {"covered_lines": 3, "num_statements": 4, "percent_covered": 75.0, "percent_covered_display": "75", "missing_lines": 1, "excluded_lines": 0, "percent_statements_covered": 75.0, "percent_statements_covered_display": "75"}, "missing_lines": [59], "excluded_lines": [], "start_line": 48}, "FFmpegConfig.__post_init__": {"executed_lines": [121, 123, 124, 128, 135], "summary": {"covered_lines": 5, "num_statements": 6, "percent_covered": 83.33333333333333, "percent_covered_display": "83", "missing_lines": 1, "excluded_lines": 0, "percent_statements_covered": 83.33333333333333, "percent_statements_covered_display": "83"}, "missing_lines": [125], "excluded_lines": [], "start_line": 119}, "FFmpegConfig.find_ffmpeg": {"executed_lines": [139, 140, 141, 142, 143, 144], "summary": {"covered_lines": 6, "num_statements": 7, "percent_covered": 85.71428571428571, "percent_covered_display": "86", "missing_lines": 1, "excluded_lines": 0, "percent_statements_covered": 85.71428571428571, "percent_statements_covered_display": "86"}, "missing_lines": [145], "excluded_lines": [], "start_line": 137}, "LoggingConfig.__post_init__": {"executed_lines": [165, 166], "summary": {"covered_lines": 2, "num_statements": 2, "percent_covered": 100.0, "percent_covered_display": "100", "missing_lines": 0, "excluded_lines": 0, "percent_statements_covered": 100.0, "percent_statements_covered_display": "100"}, "missing_lines": [], "excluded_lines": [], "start_line": 163}, "Config.__new__": {"executed_lines": [176, 177, 178, 179], "summary": {"covered_lines": 4, "num_statements": 4, "percent_covered": 100.0, "percent_covered_display": "100", "missing_lines": 0, "excluded_lines": 0, "percent_statements_covered": 100.0, "percent_statements_covered_display": "100"}, "missing_lines": [], "excluded_lines": [], "start_line": 174}, "Config.__init__": {"executed_lines": [183, 186, 187, 188, 189, 190, 191, 193, 194], "summary": {"covered_lines": 9, "num_statements": 10, "percent_covered": 90.0, "percent_covered_display": "90", "missing_lines": 1, "excluded_lines": 0, "percent_statements_covered": 90.0, "percent_statements_covered_display": "90"}, "missing_lines": [184], "excluded_lines": [], "start_line": 181}, "Config._setup_ffmpeg_path": {"executed_lines": [198, 199, 200, 201], "summary": {"covered_lines": 4, "num_statements": 6, "percent_covered": 66.66666666666667, "percent_covered_display": "67", "missing_lines": 2, "excluded_lines": 0, "percent_statements_covered": 66.66666666666667, "percent_statements_covered_display": "67"}, "missing_lines": [202, 203], "excluded_lines": [], "start_line": 196}, "Config.validate": {"executed_lines": [], "summary": {"covered_lines": 0, "num_statements": 9, "percent_covered": 0.0, "percent_covered_display": "0", "missing_lines": 9, "excluded_lines": 0, "percent_statements_covered": 0.0, "percent_statements_covered_display": "0"}, "missing_lines": [207, 210, 211, 216, 217, 218, 223, 224, 226], "excluded_lines": [], "start_line": 205}, "": {"executed_lines": [9, 11, 12, 13, 14, 15, 19, 20, 24, 26, 29, 30, 33, 34, 39, 44, 48, 62, 63, 66, 69, 72, 75, 80, 81, 84, 85, 88, 89, 94, 95, 98, 99, 102, 105, 108, 113, 114, 117, 119, 137, 148, 149, 152, 153, 156, 159, 163, 169, 172, 174, 181, 196, 205, 230], "summary": {"covered_lines": 55, "num_statements": 56, "percent_covered": 98.21428571428571, "percent_covered_display": "98", "missing_lines": 1, "excluded_lines": 0, "percent_statements_covered": 98.21428571428571, "percent_statements_covered_display": "98"}, "missing_lines": [22], "excluded_lines": [], "start_line": 1}}, "classes": {"PathConfig": {"executed_lines": [51, 57, 58], "summary": {"covered_lines": 3, "num_statements": 4, "percent_covered": 75.0, "percent_covered_display": "75", "missing_lines": 1, "excluded_lines": 0, "percent_statements_covered": 75.0, "percent_statements_covered_display": "75"}, "missing_lines": [59], "excluded_lines": [], "start_line": 30}, "ModelConfig": {"executed_lines": [], "summary": {"covered_lines": 0, "num_statements": 0, "percent_covered": 100.0, "percent_covered_display": "100", "missing_lines": 0, "excluded_lines": 0, "percent_statements_covered": 100.0, "percent_statements_covered_display": "100"}, "missing_lines": [], "excluded_lines": [], "start_line": 63}, "ProcessingConfig": {"executed_lines": [], "summary": {"covered_lines": 0, "num_statements": 0, "percent_covered": 100.0, "percent_covered_display": "100", "missing_lines": 0, "excluded_lines": 0, "percent_statements_covered": 100.0, "percent_statements_covered_display": "100"}, "missing_lines": [], "excluded_lines": [], "start_line": 81}, "QualityConfig": {"executed_lines": [], "summary": {"covered_lines": 0, "num_statements": 0, "percent_covered": 100.0, "percent_covered_display": "100", "missing_lines": 0, "excluded_lines": 0, "percent_statements_covered": 100.0, "percent_statements_covered_display": "100"}, "missing_lines": [], "excluded_lines": [], "start_line": 95}, "FFmpegConfig": {"executed_lines": [121, 123, 124, 128, 135, 139, 140, 141, 142, 143, 144], "summary": {"covered_lines": 11, "num_statements": 13, "percent_covered": 84.61538461538461, "percent_covered_display": "85", "missing_lines": 2, "excluded_lines": 0, "percent_statements_covered": 84.61538461538461, "percent_statements_covered_display": "85"}, "missing_lines": [125, 145], "excluded_lines": [], "start_line": 114}, "LoggingConfig": {"executed_lines": [165, 166], "summary": {"covered_lines": 2, "num_statements": 2, "percent_covered": 100.0, "percent_covered_display": "100", "missing_lines": 0, "excluded_lines": 0, "percent_statements_covered": 100.0, "percent_statements_covered_display": "100"}, "missing_lines": [], "excluded_lines": [], "start_line": 149}, "Config": {"executed_lines": [176, 177, 178, 179, 183, 186, 187, 188, 189, 190, 191, 193, 194, 198, 199, 200, 201], "summary": {"covered_lines": 17, "num_statements": 29, "percent_covered": 58.62068965517241, "percent_covered_display": "59", "missing_lines": 12, "excluded_lines": 0, "percent_statements_covered": 58.62068965517241, "percent_statements_covered_display": "59"}, "missing_lines": [184, 202, 203, 207, 210, 211, 216, 217, 218, 223, 224, 226], "excluded_lines": [], "start_line": 169}, "": {"executed_lines": [9, 11, 12, 13, 14, 15, 19, 20, 24, 26, 29, 30, 33, 34, 39, 44, 48, 62, 63, 66, 69, 72, 75, 80, 81, 84, 85, 88, 89, 94, 95, 98, 99, 102, 105, 108, 113, 114, 117, 119, 137, 148, 149, 152, 153, 156, 159, 163, 169, 172, 174, 181, 196, 205, 230], "summary": {"covered_lines": 55, "num_statements": 56, "percent_covered": 98.21428571428571, "percent_covered_display": "98", "missing_lines": 1, "excluded_lines": 0, "percent_statements_covered": 98.21428571428571, "percent_statements_covered_display": "98"}, "missing_lines": [22], "excluded_lines": [], "start_line": 1}}}, "src/transcription/core/__init__.py": {"executed_lines": [], "summary": {"covered_lines": 0, "num_statements": 0, "percent_covered": 100.0, "percent_covered_display": "100", "missing_lines": 0, "excluded_lines": 0, "percent_statements_covered": 100.0, "percent_statements_covered_display": "100"}, "missing_lines": [], "excluded_lines": [], "functions": {"": {"executed_lines": [], "summary": {"covered_lines": 0, "num_statements": 0, "percent_covered": 100.0, "percent_covered_display": "100", "missing_lines": 0, "excluded_lines": 0, "percent_statements_covered": 100.0, "percent_statements_covered_display": "100"}, "missing_lines": [], "excluded_lines": [], "start_line": 1}}, "classes": {"": {"executed_lines": [], "summary": {"covered_lines": 0, "num_statements": 0, "percent_covered": 100.0, "percent_covered_display": "100", "missing_lines": 0, "excluded_lines": 0, "percent_statements_covered": 100.0, "percent_statements_covered_display": "100"}, "missing_lines": [], "excluded_lines": [], "start_line": 1}}}, "src/transcription/core/engine.py": {"executed_lines": [10, 12, 13, 15, 16, 17, 18, 20, 23, 26, 29, 64, 67, 68, 71, 143], "summary": {"covered_lines": 16, "num_statements": 81, "percent_covered": 19.753086419753085, "percent_covered_display": "20", "missing_lines": 65, "excluded_lines": 0, "percent_statements_covered": 19.753086419753085, "percent_statements_covered_display": "20"}, "missing_lines": [21, 44, 45, 47, 48, 49, 50, 54, 55, 56, 57, 58, 59, 60, 61, 88, 89, 91, 102, 103, 106, 114, 115, 116, 117, 119, 120, 121, 122, 125, 126, 127, 128, 129, 133, 135, 136, 137, 138, 140, 158, 159, 161, 172, 173, 175, 183, 184, 185, 186, 189, 190, 191, 192, 193, 201, 202, 203, 204, 205, 207, 208, 209, 210, 212], "excluded_lines": [], "functions": {"get_model": {"executed_lines": [], "summary": {"covered_lines": 0, "num_statements": 14, "percent_covered": 0.0, "percent_covered_display": "0", "missing_lines": 14, "excluded_lines": 0, "percent_statements_covered": 0.0, "percent_statements_covered_display": "0"}, "missing_lines": [44, 45, 47, 48, 49, 50, 54, 55, 56, 57, 58, 59, 60, 61], "excluded_lines": [], "start_line": 29}, "clear_model_cache": {"executed_lines": [67, 68], "summary": {"covered_lines": 2, "num_statements": 2, "percent_covered": 100.0, "percent_covered_display": "100", "missing_lines": 0, "excluded_lines": 0, "percent_statements_covered": 100.0, "percent_statements_covered_display": "100"}, "missing_lines": [], "excluded_lines": [], "start_line": 64}, "transcribe_file": {"executed_lines": [], "summary": {"covered_lines": 0, "num_statements": 25, "percent_covered": 0.0, "percent_covered_display": "0", "missing_lines": 25, "excluded_lines": 0, "percent_statements_covered": 0.0, "percent_statements_covered_display": "0"}, "missing_lines": [88, 89, 91, 102, 103, 106, 114, 115, 116, 117, 119, 120, 121, 122, 125, 126, 127, 128, 129, 133, 135, 136, 137, 138, 140], "excluded_lines": [], "start_line": 71}, "transcribe_with_segments": {"executed_lines": [], "summary": {"covered_lines": 0, "num_statements": 25, "percent_covered": 0.0, "percent_covered_display": "0", "missing_lines": 25, "excluded_lines": 0, "percent_statements_covered": 0.0, "percent_statements_covered_display": "0"}, "missing_lines": [158, 159, 161, 172, 173, 175, 183, 184, 185, 186, 189, 190, 191, 192, 193, 201, 202, 203, 204, 205, 207, 208, 209, 210, 212], "excluded_lines": [], "start_line": 143}, "": {"executed_lines": [10, 12, 13, 15, 16, 17, 18, 20, 23, 26, 29, 64, 71, 143], "summary": {"covered_lines": 14, "num_statements": 15, "percent_covered": 93.33333333333333, "percent_covered_display": "93", "missing_lines": 1, "excluded_lines": 0, "percent_statements_covered": 93.33333333333333, "percent_statements_covered_display": "93"}, "missing_lines": [21], "excluded_lines": [], "start_line": 1}}, "classes": {"": {"executed_lines": [10, 12, 13, 15, 16, 17, 18, 20, 23, 26, 29, 64, 67, 68, 71, 143], "summary": {"covered_lines": 16, "num_statements": 81, "percent_covered": 19.753086419753085, "percent_covered_display": "20", "missing_lines": 65, "excluded_lines": 0, "percent_statements_covered": 19.753086419753085, "percent_statements_covered_display": "20"}, "missing_lines": [21, 44, 45, 47, 48, 49, 50, 54, 55, 56, 57, 58, 59, 60, 61, 88, 89, 91, 102, 103, 106, 114, 115, 116, 117, 119, 120, 121, 122, 125, 126, 127, 128, 129, 133, 135, 136, 137, 138, 140, 158, 159, 161, 172, 173, 175, 183, 184, 185, 186, 189, 190, 191, 192, 193, 201, 202, 203, 204, 205, 207, 208, 209, 210, 212], "excluded_lines": [], "start_line": 1}}}, "src/transcription/utils/__init__.py": {"executed_lines": [], "summary": {"covered_lines": 0, "num_statements": 0, "percent_covered": 100.0, "percent_covered_display": "100", "missing_lines": 0, "excluded_lines": 0, "percent_statements_covered": 100.0, "percent_statements_covered_display": "100"}, "missing_lines": [], "excluded_lines": [], "functions": {"": {"executed_lines": [], "summary": {"covered_lines": 0, "num_statements": 0, "percent_covered": 100.0, "percent_covered_display": "100", "missing_lines": 0, "excluded_lines": 0, "percent_statements_covered": 100.0, "percent_statements_covered_display": "100"}, "missing_lines": [], "excluded_lines": [], "start_line": 1}}, "classes": {"": {"executed_lines": [], "summary": {"covered_lines": 0, "num_statements": 0, "percent_covered": 100.0, "percent_covered_display": "100", "missing_lines": 0, "excluded_lines": 0, "percent_statements_covered": 100.0, "percent_statements_covered_display": "100"}, "missing_lines": [], "excluded_lines": [], "start_line": 1}}}, "src/transcription/utils/io.py": {"executed_lines": [10, 12, 13, 14, 15, 16, 17, 19, 20, 22, 25, 36, 38, 41, 42, 43, 46, 47, 54, 64, 65, 67, 68, 69, 70, 71, 72, 75, 92, 118, 189, 211], "summary": {"covered_lines": 32, "num_statements": 87, "percent_covered": 36.7816091954023, "percent_covered_display": "37", "missing_lines": 55, "excluded_lines": 0, "percent_statements_covered": 36.7816091954023, "percent_statements_covered_display": "37"}, "missing_lines": [49, 50, 51, 84, 85, 87, 88, 89, 104, 105, 108, 109, 110, 113, 115, 131, 133, 134, 135, 136, 139, 142, 153, 154, 155, 157, 158, 159, 161, 162, 163, 164, 165, 166, 167, 168, 169, 171, 172, 174, 175, 178, 179, 180, 182, 184, 185, 186, 199, 200, 203, 206, 208, 220, 221], "excluded_lines": [], "functions": {"save_json": {"executed_lines": [36, 38, 41, 42, 43, 46, 47], "summary": {"covered_lines": 7, "num_statements": 10, "percent_covered": 70.0, "percent_covered_display": "70", "missing_lines": 3, "excluded_lines": 0, "percent_statements_covered": 70.0, "percent_statements_covered_display": "70"}, "missing_lines": [49, 50, 51], "excluded_lines": [], "start_line": 25}, "load_json": {"executed_lines": [64, 65, 67, 68, 69, 70, 71, 72], "summary": {"covered_lines": 8, "num_statements": 8, "percent_covered": 100.0, "percent_covered_display": "100", "missing_lines": 0, "excluded_lines": 0, "percent_statements_covered": 100.0, "percent_statements_covered_display": "100"}, "missing_lines": [], "excluded_lines": [], "start_line": 54}, "load_transcripts": {"executed_lines": [], "summary": {"covered_lines": 0, "num_statements": 5, "percent_covered": 0.0, "percent_covered_display": "0", "missing_lines": 5, "excluded_lines": 0, "percent_statements_covered": 0.0, "percent_statements_covered_display": "0"}, "missing_lines": [84, 85, 87, 88, 89], "excluded_lines": [], "start_line": 75}, "save_transcripts": {"executed_lines": [], "summary": {"covered_lines": 0, "num_statements": 7, "percent_covered": 0.0, "percent_covered_display": "0", "missing_lines": 7, "excluded_lines": 0, "percent_statements_covered": 0.0, "percent_statements_covered_display": "0"}, "missing_lines": [104, 105, 108, 109, 110, 113, 115], "excluded_lines": [], "start_line": 92}, "generate_markdown": {"executed_lines": [], "summary": {"covered_lines": 0, "num_statements": 33, "percent_covered": 0.0, "percent_covered_display": "0", "missing_lines": 33, "excluded_lines": 0, "percent_statements_covered": 0.0, "percent_statements_covered_display": "0"}, "missing_lines": [131, 133, 134, 135, 136, 139, 142, 153, 154, 155, 157, 158, 159, 161, 162, 163, 164, 165, 166, 167, 168, 169, 171, 172, 174, 175, 178, 179, 180, 182, 184, 185, 186], "excluded_lines": [], "start_line": 118}, "save_progress_atomic": {"executed_lines": [], "summary": {"covered_lines": 0, "num_statements": 5, "percent_covered": 0.0, "percent_covered_display": "0", "missing_lines": 5, "excluded_lines": 0, "percent_statements_covered": 0.0, "percent_statements_covered_display": "0"}, "missing_lines": [199, 200, 203, 206, 208], "excluded_lines": [], "start_line": 189}, "get_already_transcribed": {"executed_lines": [], "summary": {"covered_lines": 0, "num_statements": 2, "percent_covered": 0.0, "percent_covered_display": "0", "missing_lines": 2, "excluded_lines": 0, "percent_statements_covered": 0.0, "percent_statements_covered_display": "0"}, "missing_lines": [220, 221], "excluded_lines": [], "start_line": 211}, "": {"executed_lines": [10, 12, 13, 14, 15, 16, 17, 19, 20, 22, 25, 54, 75, 92, 118, 189, 211], "summary": {"covered_lines": 17, "num_statements": 17, "percent_covered": 100.0, "percent_covered_display": "100", "missing_lines": 0, "excluded_lines": 0, "percent_statements_covered": 100.0, "percent_statements_covered_display": "100"}, "missing_lines": [], "excluded_lines": [], "start_line": 1}}, "classes": {"": {"executed_lines": [10, 12, 13, 14, 15, 16, 17, 19, 20, 22, 25, 36, 38, 41, 42, 43, 46, 47, 54, 64, 65, 67, 68, 69, 70, 71, 72, 75, 92, 118, 189, 211], "summary": {"covered_lines": 32, "num_statements": 87, "percent_covered": 36.7816091954023, "percent_covered_display": "37", "missing_lines": 55, "excluded_lines": 0, "percent_statements_covered": 36.7816091954023, "percent_statements_covered_display": "37"}, "missing_lines": [49, 50, 51, 84, 85, 87, 88, 89, 104, 105, 108, 109, 110, 113, 115, 131, 133, 134, 135, 136, 139, 142, 153, 154, 155, 157, 158, 159, 161, 162, 163, 164, 165, 166, 167, 168, 169, 171, 172, 174, 175, 178, 179, 180, 182, 184, 185, 186, 199, 200, 203, 206, 208, 220, 221], "excluded_lines": [], "start_line": 1}}}, "src/transcription/utils/logging_utils.py": {"executed_lines": [10, 12, 13, 14, 15, 17, 20, 75, 84, 87, 90, 101, 108], "summary": {"covered_lines": 13, "num_statements": 47, "percent_covered": 27.659574468085108, "percent_covered_display": "28", "missing_lines": 34, "excluded_lines": 0, "percent_statements_covered": 27.659574468085108, "percent_statements_covered_display": "28"}, "missing_lines": [37, 40, 41, 44, 47, 50, 51, 52, 53, 54, 57, 58, 59, 60, 61, 62, 63, 64, 66, 67, 68, 69, 70, 72, 97, 98, 99, 103, 104, 105, 106, 110, 111, 112], "excluded_lines": [], "functions": {"setup_logging": {"executed_lines": [], "summary": {"covered_lines": 0, "num_statements": 24, "percent_covered": 0.0, "percent_covered_display": "0", "missing_lines": 24, "excluded_lines": 0, "percent_statements_covered": 0.0, "percent_statements_covered_display": "0"}, "missing_lines": [37, 40, 41, 44, 47, 50, 51, 52, 53, 54, 57, 58, 59, 60, 61, 62, 63, 64, 66, 67, 68, 69, 70, 72], "excluded_lines": [], "start_line": 20}, "get_logger": {"executed_lines": [84], "summary": {"covered_lines": 1, "num_statements": 1, "percent_covered": 100.0, "percent_covered_display": "100", "missing_lines": 0, "excluded_lines": 0, "percent_statements_covered": 100.0, "percent_statements_covered_display": "100"}, "missing_lines": [], "excluded_lines": [], "start_line": 75}, "LogContext.__init__": {"executed_lines": [], "summary": {"covered_lines": 0, "num_statements": 3, "percent_covered": 0.0, "percent_covered_display": "0", "missing_lines": 3, "excluded_lines": 0, "percent_statements_covered": 0.0, "percent_statements_covered_display": "0"}, "missing_lines": [97, 98, 99], "excluded_lines": [], "start_line": 90}, "LogContext.__enter__": {"executed_lines": [], "summary": {"covered_lines": 0, "num_statements": 4, "percent_covered": 0.0, "percent_covered_display": "0", "missing_lines": 4, "excluded_lines": 0, "percent_statements_covered": 0.0, "percent_statements_covered_display": "0"}, "missing_lines": [103, 104, 105, 106], "excluded_lines": [], "start_line": 101}, "LogContext.__exit__": {"executed_lines": [], "summary": {"covered_lines": 0, "num_statements": 3, "percent_covered": 0.0, "percent_covered_display": "0", "missing_lines": 3, "excluded_lines": 0, "percent_statements_covered": 0.0, "percent_statements_covered_display": "0"}, "missing_lines": [110, 111, 112], "excluded_lines": [], "start_line": 108}, "": {"executed_lines": [10, 12, 13, 14, 15, 17, 20, 75, 87, 90, 101, 108], "summary": {"covered_lines": 12, "num_statements": 12, "percent_covered": 100.0, "percent_covered_display": "100", "missing_lines": 0, "excluded_lines": 0, "percent_statements_covered": 100.0, "percent_statements_covered_display": "100"}, "missing_lines": [], "excluded_lines": [], "start_line": 1}}, "classes": {"LogContext": {"executed_lines": [], "summary": {"covered_lines": 0, "num_statements": 10, "percent_covered": 0.0, "percent_covered_display": "0", "missing_lines": 10, "excluded_lines": 0, "percent_statements_covered": 0.0, "percent_statements_covered_display": "0"}, "missing_lines": [97, 98, 99, 103, 104, 105, 106, 110, 111, 112], "excluded_lines": [], "start_line": 87}, "": {"executed_lines": [10, 12, 13, 14, 15, 17, 20, 75, 84, 87, 90, 101, 108], "summary": {"covered_lines": 13, "num_statements": 37, "percent_covered": 35.13513513513514, "percent_covered_display": "35", "missing_lines": 24, "excluded_lines": 0, "percent_statements_covered": 35.13513513513514, "percent_statements_covered_display": "35"}, "missing_lines": [37, 40, 41, 44, 47, 50, 51, 52, 53, 54, 57, 58, 59, 60, 61, 62, 63, 64, 66, 67, 68, 69, 70, 72], "excluded_lines": [], "start_line": 1}}}, "src/transcription/utils/path_utils.py": {"executed_lines": [6, 8, 9, 10, 11, 12, 15, 16, 19, 20, 21, 22, 25, 58, 92, 114, 139, 152], "summary": {"covered_lines": 18, "num_statements": 65, "percent_covered": 27.692307692307693, "percent_covered_display": "28", "missing_lines": 47, "excluded_lines": 0, "percent_statements_covered": 27.692307692307693, "percent_statements_covered_display": "28"}, "missing_lines": [39, 41, 42, 43, 44, 45, 46, 47, 50, 51, 52, 53, 55, 68, 69, 70, 71, 72, 73, 74, 75, 76, 79, 80, 81, 82, 84, 102, 103, 105, 107, 108, 109, 111, 126, 127, 129, 130, 132, 133, 134, 136, 148, 149, 162, 164, 165], "excluded_lines": [], "functions": {"parse_date_from_filename": {"executed_lines": [], "summary": {"covered_lines": 0, "num_statements": 13, "percent_covered": 0.0, "percent_covered_display": "0", "missing_lines": 13, "excluded_lines": 0, "percent_statements_covered": 0.0, "percent_statements_covered_display": "0"}, "missing_lines": [39, 41, 42, 43, 44, 45, 46, 47, 50, 51, 52, 53, 55], "excluded_lines": [], "start_line": 25}, "parse_filename": {"executed_lines": [], "summary": {"covered_lines": 0, "num_statements": 14, "percent_covered": 0.0, "percent_covered_display": "0", "missing_lines": 14, "excluded_lines": 0, "percent_statements_covered": 0.0, "percent_statements_covered_display": "0"}, "missing_lines": [68, 69, 70, 71, 72, 73, 74, 75, 76, 79, 80, 81, 82, 84], "excluded_lines": [], "start_line": 58}, "find_chat_directory": {"executed_lines": [], "summary": {"covered_lines": 0, "num_statements": 7, "percent_covered": 0.0, "percent_covered_display": "0", "missing_lines": 7, "excluded_lines": 0, "percent_statements_covered": 0.0, "percent_statements_covered_display": "0"}, "missing_lines": [102, 103, 105, 107, 108, 109, 111], "excluded_lines": [], "start_line": 92}, "get_audio_files": {"executed_lines": [], "summary": {"covered_lines": 0, "num_statements": 8, "percent_covered": 0.0, "percent_covered_display": "0", "missing_lines": 8, "excluded_lines": 0, "percent_statements_covered": 0.0, "percent_statements_covered_display": "0"}, "missing_lines": [126, 127, 129, 130, 132, 133, 134, 136], "excluded_lines": [], "start_line": 114}, "ensure_directory": {"executed_lines": [], "summary": {"covered_lines": 0, "num_statements": 2, "percent_covered": 0.0, "percent_covered_display": "0", "missing_lines": 2, "excluded_lines": 0, "percent_statements_covered": 0.0, "percent_statements_covered_display": "0"}, "missing_lines": [148, 149], "excluded_lines": [], "start_line": 139}, "safe_filename": {"executed_lines": [], "summary": {"covered_lines": 0, "num_statements": 3, "percent_covered": 0.0, "percent_covered_display": "0", "missing_lines": 3, "excluded_lines": 0, "percent_statements_covered": 0.0, "percent_statements_covered_display": "0"}, "missing_lines": [162, 164, 165], "excluded_lines": [], "start_line": 152}, "": {"executed_lines": [6, 8, 9, 10, 11, 12, 15, 16, 19, 20, 21, 22, 25, 58, 92, 114, 139, 152], "summary": {"covered_lines": 18, "num_statements": 18, "percent_covered": 100.0, "percent_covered_display": "100", "missing_lines": 0, "excluded_lines": 0, "percent_statements_covered": 100.0, "percent_statements_covered_display": "100"}, "missing_lines": [], "excluded_lines": [], "start_line": 1}}, "classes": {"ParsedFilename": {"executed_lines": [], "summary": {"covered_lines": 0, "num_statements": 0, "percent_covered": 100.0, "percent_covered_display": "100", "missing_lines": 0, "excluded_lines": 0, "percent_statements_covered": 100.0, "percent_statements_covered_display": "100"}, "missing_lines": [], "excluded_lines": [], "start_line": 16}, "": {"executed_lines": [6, 8, 9, 10, 11, 12, 15, 16, 19, 20, 21, 22, 25, 58, 92, 114, 139, 152], "summary": {"covered_lines": 18, "num_statements": 65, "percent_covered": 27.692307692307693, "percent_covered_display": "28", "missing_lines": 47, "excluded_lines": 0, "percent_statements_covered": 27.692307692307693, "percent_statements_covered_display": "28"}, "missing_lines": [39, 41, 42, 43, 44, 45, 46, 47, 50, 51, 52, 53, 55, 68, 69, 70, 71, 72, 73, 74, 75, 76, 79, 80, 81, 82, 84, 102, 103, 105, 107, 108, 109, 111, 126, 127, 129, 130, 132, 133, 134, 136, 148, 149, 162, 164, 165], "excluded_lines": [], "start_line": 1}}}, "src/transcription/utils/quality.py": {"executed_lines": [10, 12, 13, 14, 16, 19, 20, 23, 24, 25, 27, 29, 30, 31, 32, 35, 44, 46, 47, 48, 50, 51, 52, 53, 55, 56, 59, 66, 69, 70, 76, 80, 81, 84, 88, 94, 101, 102, 106, 107, 108, 109, 115, 118, 128, 129, 131, 132, 133, 159, 168, 169, 171, 172, 173, 174, 175, 179], "summary": {"covered_lines": 58, "num_statements": 76, "percent_covered": 76.3157894736842, "percent_covered_display": "76", "missing_lines": 18, "excluded_lines": 0, "percent_statements_covered": 76.3157894736842, "percent_statements_covered_display": "76"}, "missing_lines": [60, 63, 77, 85, 95, 103, 110, 135, 136, 137, 138, 142, 146, 149, 150, 154, 156, 177], "excluded_lines": [], "functions": {"QualityResult.add_problem": {"executed_lines": [29, 30, 31, 32], "summary": {"covered_lines": 4, "num_statements": 4, "percent_covered": 100.0, "percent_covered_display": "100", "missing_lines": 0, "excluded_lines": 0, "percent_statements_covered": 100.0, "percent_statements_covered_display": "100"}, "missing_lines": [], "excluded_lines": [], "start_line": 27}, "check_quality": {"executed_lines": [44, 46, 47, 48, 50, 51, 52, 53, 55, 56, 59, 66, 69, 70, 76, 80, 81, 84, 88, 94, 101, 102, 106, 107, 108, 109, 115], "summary": {"covered_lines": 27, "num_statements": 34, "percent_covered": 79.41176470588235, "percent_covered_display": "79", "missing_lines": 7, "excluded_lines": 0, "percent_statements_covered": 79.41176470588235, "percent_statements_covered_display": "79"}, "missing_lines": [60, 63, 77, 85, 95, 103, 110], "excluded_lines": [], "start_line": 35}, "is_quality_transcript": {"executed_lines": [128, 129, 131, 132, 133], "summary": {"covered_lines": 5, "num_statements": 15, "percent_covered": 33.333333333333336, "percent_covered_display": "33", "missing_lines": 10, "excluded_lines": 0, "percent_statements_covered": 33.333333333333336, "percent_statements_covered_display": "33"}, "missing_lines": [135, 136, 137, 138, 142, 146, 149, 150, 154, 156], "excluded_lines": [], "start_line": 118}, "format_quality_report": {"executed_lines": [168, 169, 171, 172, 173, 174, 175, 179], "summary": {"covered_lines": 8, "num_statements": 9, "percent_covered": 88.88888888888889, "percent_covered_display": "89", "missing_lines": 1, "excluded_lines": 0, "percent_statements_covered": 88.88888888888889, "percent_statements_covered_display": "89"}, "missing_lines": [177], "excluded_lines": [], "start_line": 159}, "": {"executed_lines": [10, 12, 13, 14, 16, 19, 20, 23, 24, 25, 27, 35, 118, 159], "summary": {"covered_lines": 14, "num_statements": 14, "percent_covered": 100.0, "percent_covered_display": "100", "missing_lines": 0, "excluded_lines": 0, "percent_statements_covered": 100.0, "percent_statements_covered_display": "100"}, "missing_lines": [], "excluded_lines": [], "start_line": 1}}, "classes": {"QualityResult": {"executed_lines": [29, 30, 31, 32], "summary": {"covered_lines": 4, "num_statements": 4, "percent_covered": 100.0, "percent_covered_display": "100", "missing_lines": 0, "excluded_lines": 0, "percent_statements_covered": 100.0, "percent_statements_covered_display": "100"}, "missing_lines": [], "excluded_lines": [], "start_line": 20}, "": {"executed_lines": [10, 12, 13, 14, 16, 19, 20, 23, 24, 25, 27, 35, 44, 46, 47, 48, 50, 51, 52, 53, 55, 56, 59, 66, 69, 70, 76, 80, 81, 84, 88, 94, 101, 102, 106, 107, 108, 109, 115, 118, 128, 129, 131, 132, 133, 159, 168, 169, 171, 172, 173, 174, 175, 179], "summary": {"covered_lines": 54, "num_statements": 72, "percent_covered": 75.0, "percent_covered_display": "75", "missing_lines": 18, "excluded_lines": 0, "percent_statements_covered": 75.0, "percent_statements_covered_display": "75"}, "missing_lines": [60, 63, 77, 85, 95, 103, 110, 135, 136, 137, 138, 142, 146, 149, 150, 154, 156, 177], "excluded_lines": [], "start_line": 1}}}}, "totals": {"covered_lines": 233, "num_statements": 468, "percent_covered": 49.78632478632478, "percent_covered_display": "50", "missing_lines": 235, "excluded_lines": 0, "percent_statements_covered": 49.78632478632478, "percent_statements_covered_display": "50"}}